<?xml version="1.0" encoding="UTF-8" standalone="no"?><testsuite errors="0" failures="2" name="WhenSignUpTest" skipped="0" tests="4" time="32.8" timestamp="2022-12-01 02:52:21"><testcase classname="WhenSignUpTest" name="Type invalid year test"><failure message="[User should see message, but he doesn't] &#13;&#10;Expecting value to be true but was false expected:&lt;[tru]e&gt; but was:&lt;[fals]e&gt;" type="org.junit.ComparisonFailure">[User should see message, but he doesn't] &#13;
Expecting value to be true but was false expected:&lt;[tru]e&gt; but was:&lt;[fals]e&gt;</failure><system-err>[User should see message, but he doesn't] &#13;
Expecting value to be true but was false expected:&lt;[tru]e&gt; but was:&lt;[fals]e&gt;&#13;
myProject@1.0-SNAPSHOT/testpackage.steps.SignUpSteps.should_see_error(SignUpSteps.java:94)&#13;
WhenSignUpTest.typeInvalidYearTest(WhenSignUpTest.java:27)&#13;
</system-err></testcase><testcase classname="WhenSignUpTest" name="Type invalid values test"><failure message="&#13;&#10;Expected size: 7 but was: 4 in:&#13;&#10;[[[ChromeDriver: chrome on WINDOWS (0a8f022ab2e08f3a82a393545820f307)] -&gt; xpath: //div[@aria-label=&quot;Error indicator&quot; and string-length(text())&gt;0]|//div[@aria-label=&quot;Error indicator&quot;]/span],&#13;&#10;    [[ChromeDriver: chrome on WINDOWS (0a8f022ab2e08f3a82a393545820f307)] -&gt; xpath: //div[@aria-label=&quot;Error indicator&quot; and string-length(text())&gt;0]|//div[@aria-label=&quot;Error indicator&quot;]/span],&#13;&#10;    [[ChromeDriver: chrome on WINDOWS (0a8f022ab2e08f3a82a393545820f307)] -&gt; xpath: //div[@aria-label=&quot;Error indicator&quot; and string-length(text())&gt;0]|//div[@aria-label=&quot;Error indicator&quot;]/span],&#13;&#10;    [[ChromeDriver: chrome on WINDOWS (0a8f022ab2e08f3a82a393545820f307)] -&gt; xpath: //div[@aria-label=&quot;Error indicator&quot; and string-length(text())&gt;0]|//div[@aria-label=&quot;Error indicator&quot;]/span]]" type="java.lang.AssertionError">&#13;
Expected size: 7 but was: 4 in:&#13;
[[[ChromeDriver: chrome on WINDOWS (0a8f022ab2e08f3a82a393545820f307)] -&gt; xpath: //div[@aria-label="Error indicator" and string-length(text())&gt;0]|//div[@aria-label="Error indicator"]/span],&#13;
    [[ChromeDriver: chrome on WINDOWS (0a8f022ab2e08f3a82a393545820f307)] -&gt; xpath: //div[@aria-label="Error indicator" and string-length(text())&gt;0]|//div[@aria-label="Error indicator"]/span],&#13;
    [[ChromeDriver: chrome on WINDOWS (0a8f022ab2e08f3a82a393545820f307)] -&gt; xpath: //div[@aria-label="Error indicator" and string-length(text())&gt;0]|//div[@aria-label="Error indicator"]/span],&#13;
    [[ChromeDriver: chrome on WINDOWS (0a8f022ab2e08f3a82a393545820f307)] -&gt; xpath: //div[@aria-label="Error indicator" and string-length(text())&gt;0]|//div[@aria-label="Error indicator"]/span]]</failure><system-err>&#13;
Expected size: 7 but was: 4 in:&#13;
[[[ChromeDriver: chrome on WINDOWS (0a8f022ab2e08f3a82a393545820f307)] -&gt; xpath: //div[@aria-label="Error indicator" and string-length(text())&gt;0]|//div[@aria-label="Error indicator"]/span],&#13;
    [[ChromeDriver: chrome on WINDOWS (0a8f022ab2e08f3a82a393545820f307)] -&gt; xpath: //div[@aria-label="Error indicator" and string-length(text())&gt;0]|//div[@aria-label="Error indicator"]/span],&#13;
    [[ChromeDriver: chrome on WINDOWS (0a8f022ab2e08f3a82a393545820f307)] -&gt; xpath: //div[@aria-label="Error indicator" and string-length(text())&gt;0]|//div[@aria-label="Error indicator"]/span],&#13;
    [[ChromeDriver: chrome on WINDOWS (0a8f022ab2e08f3a82a393545820f307)] -&gt; xpath: //div[@aria-label="Error indicator" and string-length(text())&gt;0]|//div[@aria-label="Error indicator"]/span]]&#13;
myProject@1.0-SNAPSHOT/testpackage.steps.SignUpSteps.should_see_error_number(SignUpSteps.java:108)&#13;
WhenSignUpTest.typeInvalidValuesTest(WhenSignUpTest.java:66)&#13;
</system-err></testcase><testcase classname="WhenSignUpTest" name="Type invalid confirm email test"/><testcase classname="WhenSignUpTest" name="Sign up with empty password test"/></testsuite>